<?xml version="1.0" encoding="utf-8"?><testsuites name="pytest tests"><testsuite name="pytest" errors="0" failures="0" skipped="0" tests="5" time="1.332" timestamp="2026-05-14T17:11:03.130737+00:00" hostname="agent-env-a065edf3-0464-44cb-bd2b-f2dec8fd8916"><testcase classname="backend.tests.test_portfolio.TestContactAPI" name="test_api_root" time="0.257" /><testcase classname="backend.tests.test_portfolio.TestContactAPI" name="test_create_contact" time="0.222" /><testcase classname="backend.tests.test_portfolio.TestContactAPI" name="test_get_contacts" time="0.149" /><testcase classname="backend.tests.test_portfolio.TestContactAPI" name="test_contact_persisted" time="0.372" /><testcase classname="backend.tests.test_portfolio.TestContactAPI" name="test_contact_missing_fields" time="0.121" /></testsuite></testsuites>